<?xml version='1.0'?>
<ns2:test-suite xmlns:ns2='urn:model.allure.qatools.yandex.ru' start='1703355188779' stop='1703355205951'>
    <name>SnapTrude:</name>
    <title>SnapTrude:</title>
    <test-cases>
        <test-case start='1703355189268' status='failed' stop='1703355205937'>
            <name>Login</name>
            <title>Login</title>
            <labels>
                <label name='language' value='javascript'/>
                <label name='framework' value='codeceptjs'/>
            </labels>
            <parameters/>
            <steps>
                <step start='1703355189290' status='passed' stop='1703355199851'>
                    <name>I: login </name>
                    <title>I: login </title>
                    <attachments/>
                    <steps>
                        <step start='1703355189290' status='passed' stop='1703355198359'>
                            <name>I am on page "/login"</name>
                            <title>I am on page "/login"</title>
                            <attachments/>
                            <steps/>
                        </step>
                        <step start='1703355198359' status='passed' stop='1703355198996'>
                            <name>I fill field "username", "chetan.g.shavanti@gmail.com"</name>
                            <title>I fill field "username", "chetan.g.shavanti@gmail.com"</title>
                            <attachments/>
                            <steps/>
                        </step>
                        <step start='1703355198996' status='passed' stop='1703355199333'>
                            <name>I fill field "password", "Test@123"</name>
                            <title>I fill field "password", "Test@123"</title>
                            <attachments/>
                            <steps/>
                        </step>
                        <step start='1703355199334' status='passed' stop='1703355199851'>
                            <name>I click "Login"</name>
                            <title>I click "Login"</title>
                            <attachments/>
                            <steps/>
                        </step>
                    </steps>
                </step>
                <step start='1703355199851' status='passed' stop='1703355204862'>
                    <name>I wait 5</name>
                    <title>I wait 5</title>
                    <attachments/>
                    <steps/>
                </step>
                <step start='1703355204862' status='failed' stop='1703355205936'>
                    <name>I see "My Workspace"</name>
                    <title>I see "My Workspace"</title>
                    <attachments/>
                    <steps/>
                </step>
            </steps>
            <attachments/>
            <failure>
                <message>Protocol error (DOM.describeNode): Session closed. Most likely the page has been closed.</message>
                <stack-trace>TargetCloseError: Protocol error (DOM.describeNode): Session closed. Most likely the page has been closed.
                    at CdpCDPSession.send (D:\snaptrude\node_modules\puppeteer-core\lib\cjs\puppeteer\cdp\CDPSession.js:74:35)
                    at IsolatedWorld.adoptHandle (D:\snaptrude\node_modules\puppeteer-core\lib\cjs\puppeteer\cdp\IsolatedWorld.js:226:44)
                    at CdpElementHandle.&lt;anonymous> (D:\snaptrude\node_modules\puppeteer-core\lib\cjs\puppeteer\api\ElementHandle.js:261:105)
                    at CdpElementHandle.&lt;anonymous> (D:\snaptrude\node_modules\puppeteer-core\lib\cjs\puppeteer\util\decorators.js:108:27)
                    at Puppeteer.proceedSee (D:\snaptrude\node_modules\codeceptjs\lib\helper\Puppeteer.js:2360:25)</stack-trace>
            </failure>
        </test-case>
        <test-case start='1703355205940' status='failed' stop='1703355205943'>
            <name>Project Selection</name>
            <title>Project Selection</title>
            <labels>
                <label name='language' value='javascript'/>
                <label name='framework' value='codeceptjs'/>
            </labels>
            <parameters/>
            <steps>
                <step start='1703355205942' status='failed' stop='1703355205942'>
                    <name>I am on page "/dashboard"</name>
                    <title>I am on page "/dashboard"</title>
                    <attachments/>
                    <steps/>
                </step>
            </steps>
            <attachments/>
            <failure>
                <message>Requesting main frame too early!</message>
                <stack-trace>Error: Requesting main frame too early!
                    at assert (D:\snaptrude\node_modules\puppeteer-core\lib\cjs\puppeteer\util\assert.js:28:15)
                    at FrameManager.mainFrame (D:\snaptrude\node_modules\puppeteer-core\lib\cjs\puppeteer\cdp\FrameManager.js:223:32)
                    at CdpPage.mainFrame (D:\snaptrude\node_modules\puppeteer-core\lib\cjs\puppeteer\cdp\Page.js:415:35)
                    at CdpPage.goto (D:\snaptrude\node_modules\puppeteer-core\lib\cjs\puppeteer\api\Page.js:602:31)
                    at Puppeteer.amOnPage (D:\snaptrude\node_modules\codeceptjs\lib\helper\Puppeteer.js:644:21)
                    at Step.run (D:\snaptrude\node_modules\codeceptjs\lib\step.js:122:47)
                    at D:\snaptrude\node_modules\codeceptjs\lib\actor.js:135:23</stack-trace>
            </failure>
        </test-case>
        <test-case start='1703355205945' status='failed' stop='1703355205949'>
            <name>Draw Rectangle</name>
            <title>Draw Rectangle</title>
            <labels>
                <label name='language' value='javascript'/>
                <label name='framework' value='codeceptjs'/>
            </labels>
            <parameters/>
            <steps>
                <step start='1703355205948' status='failed' stop='1703355205949'>
                    <name>I am on page "/AQLDVX"</name>
                    <title>I am on page "/AQLDVX"</title>
                    <attachments/>
                    <steps/>
                </step>
            </steps>
            <attachments/>
            <failure>
                <message>Requesting main frame too early!</message>
                <stack-trace>Error: Requesting main frame too early!
                    at assert (D:\snaptrude\node_modules\puppeteer-core\lib\cjs\puppeteer\util\assert.js:28:15)
                    at FrameManager.mainFrame (D:\snaptrude\node_modules\puppeteer-core\lib\cjs\puppeteer\cdp\FrameManager.js:223:32)
                    at CdpPage.mainFrame (D:\snaptrude\node_modules\puppeteer-core\lib\cjs\puppeteer\cdp\Page.js:415:35)
                    at CdpPage.goto (D:\snaptrude\node_modules\puppeteer-core\lib\cjs\puppeteer\api\Page.js:602:31)
                    at Puppeteer.amOnPage (D:\snaptrude\node_modules\codeceptjs\lib\helper\Puppeteer.js:644:21)
                    at Step.run (D:\snaptrude\node_modules\codeceptjs\lib\step.js:122:47)
                    at D:\snaptrude\node_modules\codeceptjs\lib\actor.js:135:23</stack-trace>
            </failure>
        </test-case>
    </test-cases>
</ns2:test-suite>