<?xml version='1.0'?>
<ns2:test-suite xmlns:ns2='urn:model.allure.qatools.yandex.ru' start='1703355233648' stop='1703355250063'>
    <name>SnapTrude:</name>
    <title>SnapTrude:</title>
    <test-cases>
        <test-case start='1703355234120' status='failed' stop='1703355246710'>
            <name>Login</name>
            <title>Login</title>
            <labels>
                <label name='language' value='javascript'/>
                <label name='framework' value='codeceptjs'/>
            </labels>
            <parameters/>
            <steps>
                <step start='1703355234135' status='failed' stop='1703355246710'>
                    <name>I: login </name>
                    <title>I: login </title>
                    <attachments/>
                    <steps>
                        <step start='1703355234135' status='passed' stop='1703355245552'>
                            <name>I am on page "/login"</name>
                            <title>I am on page "/login"</title>
                            <attachments/>
                            <steps/>
                        </step>
                        <step start='1703355245553' status='failed' stop='1703355246709'>
                            <name>I fill field "username", "chetan.g.shavanti@gmail.com"</name>
                            <title>I fill field "username", "chetan.g.shavanti@gmail.com"</title>
                            <attachments/>
                            <steps/>
                        </step>
                    </steps>
                </step>
            </steps>
            <attachments>
                <attachment title='Last Seen Screenshot' source='ad1bfa4a-0801-4def-9d04-f6822fbcac5b-attachment.png' type='image/png' size='60150'/>
            </attachments>
            <failure>
                <message>Field "username" was not found by text|CSS|XPath</message>
                <stack-trace>Error: Field "username" was not found by text|CSS|XPath
                    at new ElementNotFound (D:\snaptrude\node_modules\codeceptjs\lib\helper\errors\ElementNotFound.js:14:11)
                    at assertElementExists (D:\snaptrude\node_modules\codeceptjs\lib\helper\Puppeteer.js:2556:11)
                    at Puppeteer.fillField (D:\snaptrude\node_modules\codeceptjs\lib\helper\Puppeteer.js:1280:5)
                    at process.processTicksAndRejections (node:internal/process/task_queues:95:5)</stack-trace>
            </failure>
        </test-case>
        <test-case start='1703355246871' status='failed' stop='1703355250047'>
            <name>Project Selection</name>
            <title>Project Selection</title>
            <labels>
                <label name='language' value='javascript'/>
                <label name='framework' value='codeceptjs'/>
            </labels>
            <parameters/>
            <steps>
                <step start='1703355246873' status='failed' stop='1703355250047'>
                    <name>I am on page "/dashboard"</name>
                    <title>I am on page "/dashboard"</title>
                    <attachments/>
                    <steps/>
                </step>
            </steps>
            <attachments/>
            <failure>
                <message>Navigating frame was detached</message>
                <stack-trace>Error: Navigating frame was detached
                    at #onFrameDetached (D:\snaptrude\node_modules\puppeteer-core\lib\cjs\puppeteer\cdp\LifecycleWatcher.js:109:47)
                    at D:\snaptrude\node_modules\puppeteer-core\lib\cjs\third_party\mitt\mitt.js:1:732
                    at Array.map (&lt;anonymous>)
                    at Object.emit (D:\snaptrude\node_modules\puppeteer-core\lib\cjs\third_party\mitt\mitt.js:1:716)
                    at CdpFrame.emit (D:\snaptrude\node_modules\puppeteer-core\lib\cjs\puppeteer\common\EventEmitter.js:91:23)
                    at #removeFramesRecursively (D:\snaptrude\node_modules\puppeteer-core\lib\cjs\puppeteer\cdp\FrameManager.js:454:15)
                    at #onClientDisconnect (D:\snaptrude\node_modules\puppeteer-core\lib\cjs\puppeteer\cdp\FrameManager.js:102:42)</stack-trace>
            </failure>
        </test-case>
        <test-case start='1703355250051' status='failed' stop='1703355250059'>
            <name>Draw Rectangle</name>
            <title>Draw Rectangle</title>
            <labels>
                <label name='language' value='javascript'/>
                <label name='framework' value='codeceptjs'/>
            </labels>
            <parameters/>
            <steps>
                <step start='1703355250057' status='failed' stop='1703355250058'>
                    <name>I am on page "/AQLDVX"</name>
                    <title>I am on page "/AQLDVX"</title>
                    <attachments/>
                    <steps/>
                </step>
            </steps>
            <attachments/>
            <failure>
                <message>Requesting main frame too early!</message>
                <stack-trace>Error: Requesting main frame too early!
                    at assert (D:\snaptrude\node_modules\puppeteer-core\lib\cjs\puppeteer\util\assert.js:28:15)
                    at FrameManager.mainFrame (D:\snaptrude\node_modules\puppeteer-core\lib\cjs\puppeteer\cdp\FrameManager.js:223:32)
                    at CdpPage.mainFrame (D:\snaptrude\node_modules\puppeteer-core\lib\cjs\puppeteer\cdp\Page.js:415:35)
                    at CdpPage.goto (D:\snaptrude\node_modules\puppeteer-core\lib\cjs\puppeteer\api\Page.js:602:31)
                    at Puppeteer.amOnPage (D:\snaptrude\node_modules\codeceptjs\lib\helper\Puppeteer.js:644:21)
                    at Step.run (D:\snaptrude\node_modules\codeceptjs\lib\step.js:122:47)
                    at D:\snaptrude\node_modules\codeceptjs\lib\actor.js:135:23</stack-trace>
            </failure>
        </test-case>
    </test-cases>
</ns2:test-suite>